# Preference setting overrides
gui_create_pref_key -category {Globals} -key {load_detail_for_funcov} -value_type {bool} -value {false}
gui_create_pref_key -category {Hier} -key {showPowerSwitch} -value_type {bool} -value {false}
gui_set_pref_value -category {Source} -key {wordWrapOn} -value {false}
gui_create_pref_category -category {dlg_settings}
gui_create_pref_key -category {dlg_settings} -key {tableWithImmediatePopup} -value_type {bool} -value {true}

# State setting overrides
gui_state_default_create -off -ini
gui_set_state_value -category Globals -key recent_databases -value {{gui_open_db -file /afs/ece.cmu.edu/class/ece341/Private/P2/inter.vpd -design V1}}
gui_set_state_value -category Globals -key recent_sessions -value {{gui_load_session -file /afs/ece.cmu.edu/class/ece341/Private/P2/session.inter.vpd.tcl -ignore_errors} {gui_load_session -file /afs/ece.cmu.edu/class/ece341/Private/P2/session.inter.vpd.tcl}}
gui_set_state_value -category Layout -key child_console_size_x -value 793
gui_set_state_value -category Layout -key child_console_size_y -value 297
gui_set_state_value -category Layout -key child_data_coltype -value 135
gui_set_state_value -category Layout -key child_data_colvalue -value 102
gui_set_state_value -category Layout -key child_data_colvariable -value 224
gui_set_state_value -category Layout -key child_data_docknewline -value false
gui_set_state_value -category Layout -key child_data_dockstate -value undocked
gui_set_state_value -category Layout -key child_data_pos_x -value {-2}
gui_set_state_value -category Layout -key child_data_pos_y -value {-15}
gui_set_state_value -category Layout -key child_data_showstate -value maximized
gui_set_state_value -category Layout -key child_data_size_x -value 468
gui_set_state_value -category Layout -key child_data_size_y -value 676
gui_set_state_value -category Layout -key child_driver_showstate -value normal
gui_set_state_value -category Layout -key child_driver_size_x -value 888
gui_set_state_value -category Layout -key child_driver_size_y -value 312
gui_set_state_value -category Layout -key child_group_size_x -value 174
gui_set_state_value -category Layout -key child_group_size_y -value 736
gui_set_state_value -category Layout -key child_hier_colhier -value 247
gui_set_state_value -category Layout -key child_hier_coltype -value 80
gui_set_state_value -category Layout -key child_hier_size_x -value 329
gui_set_state_value -category Layout -key child_hier_size_y -value 681
gui_set_state_value -category Layout -key child_schematic_docknewline -value false
gui_set_state_value -category Layout -key child_schematic_pos_x -value {-2}
gui_set_state_value -category Layout -key child_schematic_pos_y -value {-15}
gui_set_state_value -category Layout -key child_schematic_size_x -value 1126
gui_set_state_value -category Layout -key child_schematic_size_y -value 728
gui_set_state_value -category Layout -key child_source_docknewline -value false
gui_set_state_value -category Layout -key child_source_pos_x -value {-2}
gui_set_state_value -category Layout -key child_source_pos_y -value {-15}
gui_set_state_value -category Layout -key child_source_size_x -value 468
gui_set_state_value -category Layout -key child_source_size_y -value 676
gui_set_state_value -category Layout -key child_wave_colname -value 220
gui_set_state_value -category Layout -key child_wave_colvalue -value 220
gui_set_state_value -category Layout -key child_wave_left -value 445
gui_set_state_value -category Layout -key child_wave_right -value 1086
gui_set_state_value -category Layout -key main_pos_x -value 2
gui_set_state_value -category Layout -key main_pos_y -value 23
gui_set_state_value -category Layout -key main_size_x -value 795
gui_set_state_value -category Layout -key main_size_y -value 1157
gui_set_state_value -category Layout -key stand_source_child_docknewline -value false
gui_set_state_value -category Layout -key stand_source_child_pos_x -value {-2}
gui_set_state_value -category Layout -key stand_source_child_pos_y -value {-15}
gui_set_state_value -category Layout -key stand_source_child_size_x -value 461
gui_set_state_value -category Layout -key stand_source_child_size_y -value 667
gui_set_state_value -category Layout -key stand_wave_child_docknewline -value false
gui_set_state_value -category Layout -key stand_wave_child_pos_x -value {-2}
gui_set_state_value -category Layout -key stand_wave_child_pos_y -value {-15}
gui_set_state_value -category Layout -key stand_wave_child_size_x -value 1541
gui_set_state_value -category Layout -key stand_wave_child_size_y -value 1004
gui_set_state_value -category Layout -key stand_wave_top_pos_x -value {-81}
gui_set_state_value -category Layout -key stand_wave_top_pos_y -value 222
gui_set_state_value -category Layout -key stand_wave_top_size_x -value 1455
gui_set_state_value -category Layout -key stand_wave_top_size_y -value 1338
gui_create_state_key -category FindDialog -key m_pMatchCase -value_type bool -value false
gui_create_state_key -category FindDialog -key m_pMatchWord -value_type bool -value false
gui_create_state_key -category FindDialog -key m_pUseCombo -value_type string -value {}
gui_create_state_key -category FindDialog -key m_pWrapAround -value_type bool -value true
gui_create_state_key -category Widget_History -key Find|m_pFindFrame|m_pFindCombo -value_type string -value {onesCtrSend dataSendCRCStuff stuff crc CRC}
gui_create_state_key -category Widget_History -key TopLevel.1|qt_top_dock|&Edit|FindCombo -value_type string -value {onesCtrSend dataSendCRCStuff stuff crc CRC}
gui_create_state_key -category Widget_History -key TopLevel.2|qt_top_dock|&Edit|FindCombo -value_type string -value send_pkt
gui_state_default_create -off

# Begin command logging
gui_sim_run Ucli -exe ../../simv -args {-ucligui  } -dir ../..
dump -add / -depth 0
run
gui_list_expand -id  Hier.1   tb_tuv_calc
gui_list_collapse -id  Hier.1   tb_tuv_calc
gui_list_select -id Data.1 -selected  { tb_tuv_calc.clk   }
gui_list_select -id Data.1 { tb_tuv_calc.rst  tb_tuv_calc.v0  tb_tuv_calc.v1  tb_tuv_calc.v2  tb_tuv_calc.dirp  tb_tuv_calc.originp  tb_tuv_calc.t_intersect  tb_tuv_calc.bari_hit  tb_tuv_calc.uv  tb_tuv_calc.originp_f  tb_tuv_calc.dirp_f  tb_tuv_calc.t_intersect_f  tb_tuv_calc.u_f  tb_tuv_calc.v_f   }
gui_open_window Wave
gui_list_add -id Wave.1 -from Data.1 { tb_tuv_calc.clk tb_tuv_calc.rst tb_tuv_calc.v0 tb_tuv_calc.v1 tb_tuv_calc.v2 tb_tuv_calc.dirp tb_tuv_calc.originp tb_tuv_calc.t_intersect tb_tuv_calc.bari_hit tb_tuv_calc.uv tb_tuv_calc.originp_f tb_tuv_calc.dirp_f tb_tuv_calc.t_intersect_f tb_tuv_calc.u_f tb_tuv_calc.v_f } -insertionbar
gui_zoom -window  Wave.1  -full
gui_wv_zoom_timerange -id  Wave.1 0 518
gui_wv_zoom_timerange -id  Wave.1 0 271
gui_wv_zoom_timerange -id  Wave.1 0 51
gui_zoom -window  Wave.1  -full
gui_wv_zoom_timerange -id  Wave.1 0 228
gui_zoom -window  Wave.1  -full
gui_wv_zoom_timerange -id  Wave.1 8 537
gui_zoom -window  Wave.1  -full
gui_wv_zoom_timerange -id  Wave.1 0 265
gui_marker_move -id  Wave.1 C1 30
gui_list_select -id Wave.1 -selected  { tb_tuv_calc.clk   }
gui_seek_criteria -id Wave.1 "Rising" 
gui_seek_next -id Wave.1 -number 1 
gui_seek_next -id Wave.1 -number 1 
gui_seek_next -id Wave.1 -number 1 
gui_seek_next -id Wave.1 -number 1 
gui_seek_next -id Wave.1 -number 1 
gui_seek_next -id Wave.1 -number 1 
gui_seek_next -id Wave.1 -number 1 
gui_seek_next -id Wave.1 -number 1 
gui_seek_next -id Wave.1 -number 1 
gui_seek_next -id Wave.1 -number 1 
gui_seek_next -id Wave.1 -number 1 
gui_seek_next -id Wave.1 -number 1 
gui_seek_next -id Wave.1 -number 1 
gui_seek_next -id Wave.1 -number 1 
gui_seek_next -id Wave.1 -number 1 
gui_seek_next -id Wave.1 -number 1 
gui_seek_next -id Wave.1 -number 1 
gui_seek_next -id Wave.1 -number 1 
gui_seek_next -id Wave.1 -number 1 
gui_seek_next -id Wave.1 -number 1 
gui_seek_next -id Wave.1 -number 1 
gui_seek_next -id Wave.1 -number 1 
gui_seek_next -id Wave.1 -number 1 
gui_seek_next -id Wave.1 -number 1 
gui_seek_next -id Wave.1 -number 1 
gui_seek_next -id Wave.1 -number 1 
gui_marker_move -id  Wave.1 C1 300
gui_zoom -window  Wave.1  -full
gui_marker_move -id  Wave.1 C1 172
gui_close_window -window TopLevel.2
gui_list_select -id Data.1 -selected  {  }
