# Preference setting overrides
gui_create_pref_key -category {Globals} -key {load_detail_for_funcov} -value_type {bool} -value {false}
gui_create_pref_key -category {Hier} -key {showPowerSwitch} -value_type {bool} -value {false}
gui_set_pref_value -category {Source} -key {wordWrapOn} -value {false}
gui_create_pref_category -category {dlg_settings}
gui_create_pref_key -category {dlg_settings} -key {tableWithImmediatePopup} -value_type {bool} -value {true}

# State setting overrides
gui_state_default_create -off -ini
gui_set_state_value -category Globals -key recent_databases -value {{gui_open_db -file /afs/ece.cmu.edu/class/ece341/Private/P2/inter.vpd -design V1}}
gui_set_state_value -category Globals -key recent_sessions -value {{gui_load_session -file /afs/ece.cmu.edu/usr/rgd/545/18-545/session.inter.vpd.tcl -ignore_errors} {gui_load_session -file /afs/ece.cmu.edu/usr/rgd/545/18-545/session.inter.vpd.tcl} {gui_load_session -file /afs/ece.cmu.edu/class/ece341/Private/P2/session.inter.vpd.tcl -ignore_errors} {gui_load_session -file /afs/ece.cmu.edu/class/ece341/Private/P2/session.inter.vpd.tcl}}
gui_set_state_value -category Layout -key child_console_size_x -value 1115
gui_set_state_value -category Layout -key child_console_size_y -value 278
gui_set_state_value -category Layout -key child_data_coltype -value 296
gui_set_state_value -category Layout -key child_data_colvalue -value 265
gui_set_state_value -category Layout -key child_data_colvariable -value 388
gui_set_state_value -category Layout -key child_data_docknewline -value false
gui_set_state_value -category Layout -key child_data_dockstate -value undocked
gui_set_state_value -category Layout -key child_data_pos_x -value {-2}
gui_set_state_value -category Layout -key child_data_pos_y -value {-15}
gui_set_state_value -category Layout -key child_data_showstate -value maximized
gui_set_state_value -category Layout -key child_data_size_x -value 958
gui_set_state_value -category Layout -key child_data_size_y -value 693
gui_set_state_value -category Layout -key child_driver_showstate -value normal
gui_set_state_value -category Layout -key child_driver_size_x -value 922
gui_set_state_value -category Layout -key child_driver_size_y -value 283
gui_set_state_value -category Layout -key child_group_size_x -value 174
gui_set_state_value -category Layout -key child_group_size_y -value 736
gui_set_state_value -category Layout -key child_hier_colhier -value 152
gui_set_state_value -category Layout -key child_hier_coltype -value 10
gui_set_state_value -category Layout -key child_hier_size_x -value 161
gui_set_state_value -category Layout -key child_hier_size_y -value 698
gui_set_state_value -category Layout -key child_schematic_docknewline -value false
gui_set_state_value -category Layout -key child_schematic_pos_x -value {-2}
gui_set_state_value -category Layout -key child_schematic_pos_y -value {-15}
gui_set_state_value -category Layout -key child_schematic_size_x -value 1126
gui_set_state_value -category Layout -key child_schematic_size_y -value 728
gui_set_state_value -category Layout -key child_source_docknewline -value false
gui_set_state_value -category Layout -key child_source_pos_x -value {-2}
gui_set_state_value -category Layout -key child_source_pos_y -value {-15}
gui_set_state_value -category Layout -key child_source_size_x -value 958
gui_set_state_value -category Layout -key child_source_size_y -value 693
gui_set_state_value -category Layout -key child_wave_colname -value 113
gui_set_state_value -category Layout -key child_wave_colvalue -value 112
gui_set_state_value -category Layout -key child_wave_left -value 229
gui_set_state_value -category Layout -key child_wave_right -value 560
gui_set_state_value -category Layout -key main_pos_x -value 6
gui_set_state_value -category Layout -key main_pos_y -value 47
gui_set_state_value -category Layout -key main_size_x -value 1121
gui_set_state_value -category Layout -key main_size_y -value 1156
gui_set_state_value -category Layout -key stand_source_child_docknewline -value false
gui_set_state_value -category Layout -key stand_source_child_pos_x -value {-2}
gui_set_state_value -category Layout -key stand_source_child_pos_y -value {-15}
gui_set_state_value -category Layout -key stand_source_child_size_x -value 907
gui_set_state_value -category Layout -key stand_source_child_size_y -value 671
gui_set_state_value -category Layout -key stand_wave_child_docknewline -value false
gui_set_state_value -category Layout -key stand_wave_child_pos_x -value {-2}
gui_set_state_value -category Layout -key stand_wave_child_pos_y -value {-15}
gui_set_state_value -category Layout -key stand_wave_child_size_x -value 799
gui_set_state_value -category Layout -key stand_wave_child_size_y -value 958
gui_set_state_value -category Layout -key stand_wave_top_pos_x -value 803
gui_set_state_value -category Layout -key stand_wave_top_pos_y -value 38
gui_set_state_value -category Layout -key stand_wave_top_size_x -value 1597
gui_set_state_value -category Layout -key stand_wave_top_size_y -value 1157
gui_create_state_key -category FindDialog -key m_pMatchCase -value_type bool -value false
gui_create_state_key -category FindDialog -key m_pMatchWord -value_type bool -value false
gui_create_state_key -category FindDialog -key m_pUseCombo -value_type string -value {}
gui_create_state_key -category FindDialog -key m_pWrapAround -value_type bool -value true
gui_create_state_key -category Widget_History -key Find|m_pFindFrame|m_pFindCombo -value_type string -value {onesCtrSend dataSendCRCStuff stuff crc CRC}
gui_create_state_key -category Widget_History -key TopLevel.1|qt_top_dock|&Edit|FindCombo -value_type string -value {onesCtrSend dataSendCRCStuff stuff crc CRC}
gui_create_state_key -category Widget_History -key TopLevel.2|qt_top_dock|&Edit|FindCombo -value_type string -value send_pkt
gui_state_default_create -off

# Begin command logging
gui_sim_run Ucli -exe ./simv -args {-ucligui  } -dir .
gui_src_highlight_item -id Source.1 -lfrom 53 -idxfrom 1 -fileIdFrom 0 -lto 59 -idxto 15 -fileIdTo 0 -selection { 
  initial begin
    clk = 0;
    rst = 0;
    #1 rst = 1;
    #1 rst = 0;} -selectionId 0 -replace 0
gui_list_expand -id  Hier.1   tb_int_math
gui_list_collapse -id  Hier.1   tb_int_math
set DIALOGS::LOADFILEDIR [file dirname /afs/ece.cmu.edu/usr/rgd/545/18-545/session.inter.vpd.tcl]; gui_load_session -ignore_errors -file /afs/ece.cmu.edu/usr/rgd/545/18-545/session.inter.vpd.tcl
dump -add / -depth 0
run
gui_zoom -window  Wave.1  -full
gui_wv_zoom_timerange -id  Wave.1 357 1051
gui_zoom -window  Wave.1  -full
gui_wv_zoom_timerange -id  Wave.1 253 902
gui_wv_zoom_timerange -id  Wave.1 434 637
gui_list_expand -id  Wave.1   tb_int_math.intersection_out
gui_list_collapse -id  Wave.1   tb_int_math.intersection_out
gui_list_expand -id  Wave.1   tb_int_math.ray_out
gui_close_window -window TopLevel.2
